<?xml version="1.0" encoding="UTF-8"?>
<!-- Generated by org.testng.reporters.JUnitReportReporter -->
<testsuite hostname="DESKTOP-LO1IC0C" failures="0" tests="1" name="userRegistrationTest.UserReTest" time="11.756" errors="0" timestamp="18 Jan 2024 09:31:38 GMT">
  <testcase classname="userRegistrationTest.UserReTest" name="userRegistrationMenNonVeg" time="11.756"/>
</testsuite> <!-- userRegistrationTest.UserReTest -->
