<?xml version="1.0" encoding="UTF-8"?>
<!-- Generated by org.testng.reporters.JUnitReportReporter -->
<testsuite hostname="DESKTOP-LO1IC0C" failures="0" tests="3" name="userRegistrationTest.UserReWomenTest" time="117.732" errors="0" timestamp="1 May 2024 11:16:11 GMT">
  <testcase classname="userRegistrationTest.UserReWomenTest" name="userRegistrationWomenNonVegEatAll" time="39.273"/>
  <testcase classname="userRegistrationTest.UserReWomenTest" name="userRegistrationWomenVegEatAll" time="39.223"/>
  <testcase classname="userRegistrationTest.UserReWomenTest" name="userRegistrationWomenVeganEatAll" time="39.236"/>
</testsuite> <!-- userRegistrationTest.UserReWomenTest -->
