<?xml version="1.0" encoding="UTF-8"?>
<!-- Generated by org.testng.reporters.JUnitReportReporter -->
<testsuite hostname="DESKTOP-LO1IC0C" failures="0" tests="1" name="userRegistrationTset.UserRegestrationTest" time="3.726" errors="0" timestamp="16 Jan 2024 06:06:24 GMT">
  <testcase classname="userRegistrationTset.UserRegestrationTest" name="userRegistration" time="3.726"/>
</testsuite> <!-- userRegistrationTset.UserRegestrationTest -->
