<?xml version="1.0" encoding="UTF-8"?>
<!-- Generated by org.testng.reporters.JUnitReportReporter -->
<testsuite hostname="DESKTOP-LO1IC0C" failures="0" tests="1" name="userRegistrationTset.UserMenTest" time="9.816" errors="0" timestamp="16 Jan 2024 06:27:43 GMT">
  <testcase classname="userRegistrationTset.UserMenTest" name="userRegistration" time="9.816"/>
</testsuite> <!-- userRegistrationTset.UserMenTest -->
