<?xml version="1.0" encoding="UTF-8"?>
<!-- Generated by org.testng.reporters.JUnitReportReporter -->
<testsuite hostname="DESKTOP-LO1IC0C" failures="0" tests="1" name="userRegistrationTest.UserReMenTest" time="40.062" errors="0" timestamp="19 Mar 2024 11:19:16 GMT">
  <testcase classname="userRegistrationTest.UserReMenTest" name="withoutFakeruserRegistrationMenNonVeg" time="40.062"/>
</testsuite> <!-- userRegistrationTest.UserReMenTest -->
