<?xml version="1.0" encoding="UTF-8"?>
<!-- Generated by org.testng.reporters.JUnitReportReporter -->
<testsuite hostname="DESKTOP-LO1IC0C" failures="0" tests="1" name="userRegistrationTest.UserMenTest" time="12.662" errors="0" timestamp="18 Jan 2024 07:56:44 GMT">
  <testcase classname="userRegistrationTest.UserMenTest" name="userRegistration" time="12.662"/>
</testsuite> <!-- userRegistrationTest.UserMenTest -->
