<?xml version="1.0" encoding="UTF-8"?>
<!-- Generated by org.testng.reporters.JUnitReportReporter -->
<testsuite hostname="DESKTOP-LO1IC0C" failures="0" tests="3" name="userRegistrationTest.UserReMenTest" time="116.020" errors="0" timestamp="1 May 2024 11:16:11 GMT">
  <testcase classname="userRegistrationTest.UserReMenTest" name="userRegistrationMenVeganEatAll" time="37.235"/>
  <testcase classname="userRegistrationTest.UserReMenTest" name="userRegistrationMenVegEatAll" time="41.491"/>
  <testcase classname="userRegistrationTest.UserReMenTest" name="userRegistrationMenNonVegEatAll" time="37.294"/>
</testsuite> <!-- userRegistrationTest.UserReMenTest -->
